[debug] [2023-02-21T10:42:34.562Z] ----------------------------------------------------------------------
[debug] [2023-02-21T10:42:34.563Z] Command:       /Users/azusaw/.nodebrew/node/v14.18.1/bin/node /Users/azusaw/.nodebrew/current/bin/firebase emulators:start --only functions
[debug] [2023-02-21T10:42:34.563Z] CLI Version:   11.23.1
[debug] [2023-02-21T10:42:34.563Z] Platform:      darwin
[debug] [2023-02-21T10:42:34.563Z] Node Version:  v14.18.1
[debug] [2023-02-21T10:42:34.563Z] Time:          Tue Feb 21 2023 10:42:34 GMT+0000 (Greenwich Mean Time)
[debug] [2023-02-21T10:42:34.564Z] ----------------------------------------------------------------------
[debug] 
[debug] [2023-02-21T10:42:34.591Z] > command requires scopes: ["email","openid","https://www.googleapis.com/auth/cloudplatformprojects.readonly","https://www.googleapis.com/auth/firebase","https://www.googleapis.com/auth/cloud-platform"]
[debug] [2023-02-21T10:42:34.591Z] > authorizing via signed-in user (azusa0304@gmail.com)
[info] i  emulators: Starting emulators: functions {"metadata":{"emulator":{"name":"hub"},"message":"Starting emulators: functions"}}
[debug] [2023-02-21T10:42:34.909Z] [logging] Logging Emulator only supports listening on one address (127.0.0.1). Not listening on ::1
[debug] [2023-02-21T10:42:34.909Z] assigned listening specs for emulators {"user":{"hub":[{"address":"127.0.0.1","family":"IPv4","port":4400},{"address":"::1","family":"IPv6","port":4400}],"ui":[{"address":"127.0.0.1","family":"IPv4","port":4000},{"address":"::1","family":"IPv6","port":4000}],"logging":[{"address":"127.0.0.1","family":"IPv4","port":4500}]},"metadata":{"message":"assigned listening specs for emulators"}}
[debug] [2023-02-21T10:42:34.911Z] [hub] writing locator at /var/folders/ls/1j_67cvj7h531stb8ryl2byr0000gn/T/hub-water-quality-check-ab451.json
[debug] [2023-02-21T10:42:35.115Z] [functions] Functions Emulator only supports listening on one address (127.0.0.1). Not listening on ::1
[debug] [2023-02-21T10:42:35.115Z] [eventarc] Eventarc Emulator only supports listening on one address (127.0.0.1). Not listening on ::1
[debug] [2023-02-21T10:42:35.115Z] late-assigned ports for functions and eventarc emulators {"user":{"hub":[{"address":"127.0.0.1","family":"IPv4","port":4400},{"address":"::1","family":"IPv6","port":4400}],"ui":[{"address":"127.0.0.1","family":"IPv4","port":4000},{"address":"::1","family":"IPv6","port":4000}],"logging":[{"address":"127.0.0.1","family":"IPv4","port":4500}],"functions":[{"address":"127.0.0.1","family":"IPv4","port":5001}],"eventarc":[{"address":"127.0.0.1","family":"IPv4","port":9299}]},"metadata":{"message":"late-assigned ports for functions and eventarc emulators"}}
[warn] ⚠  functions: The following emulators are not running, calls to these services from the Functions emulator will affect production: auth, firestore, database, hosting, pubsub, storage {"metadata":{"emulator":{"name":"functions"},"message":"The following emulators are not running, calls to these services from the Functions emulator will affect production: \u001b[1mauth, firestore, database, hosting, pubsub, storage\u001b[22m"}}
[debug] [2023-02-21T10:42:35.116Z] defaultcredentials: writing to file /Users/azusaw/.config/firebase/azusa0304_gmail_com_application_default_credentials.json
[debug] [2023-02-21T10:42:35.121Z] Setting GAC to /Users/azusaw/.config/firebase/azusa0304_gmail_com_application_default_credentials.json {"metadata":{"emulator":{"name":"functions"},"message":"Setting GAC to /Users/azusaw/.config/firebase/azusa0304_gmail_com_application_default_credentials.json"}}
[debug] [2023-02-21T10:42:35.122Z] >>> [apiv2][query] GET https://firebase.googleapis.com/v1beta1/projects/water-quality-check-ab451/adminSdkConfig [none]
[debug] [2023-02-21T10:42:35.396Z] <<< [apiv2][status] GET https://firebase.googleapis.com/v1beta1/projects/water-quality-check-ab451/adminSdkConfig 200
[debug] [2023-02-21T10:42:35.396Z] <<< [apiv2][body] GET https://firebase.googleapis.com/v1beta1/projects/water-quality-check-ab451/adminSdkConfig {"projectId":"water-quality-check-ab451","storageBucket":"water-quality-check-ab451.appspot.com"}
[debug] [2023-02-21T10:42:35.426Z] Ignoring unsupported arg: auto_download {"metadata":{"emulator":{"name":"ui"},"message":"Ignoring unsupported arg: auto_download"}}
[debug] [2023-02-21T10:42:35.426Z] Ignoring unsupported arg: port {"metadata":{"emulator":{"name":"ui"},"message":"Ignoring unsupported arg: port"}}
[debug] [2023-02-21T10:42:35.426Z] Starting Emulator UI with command {"binary":"node","args":["/Users/azusaw/.cache/firebase/emulators/ui-v1.11.4/server/server.js"],"optionalArgs":[],"joinArgs":false} {"metadata":{"emulator":{"name":"ui"},"message":"Starting Emulator UI with command {\"binary\":\"node\",\"args\":[\"/Users/azusaw/.cache/firebase/emulators/ui-v1.11.4/server/server.js\"],\"optionalArgs\":[],\"joinArgs\":false}"}}
[info] i  ui: Emulator UI logging to ui-debug.log {"metadata":{"emulator":{"name":"ui"},"message":"Emulator UI logging to \u001b[1mui-debug.log\u001b[22m"}}
[debug] [2023-02-21T10:42:35.501Z] Web / API server started at 127.0.0.1:4000
 {"metadata":{"emulator":{"name":"ui"},"message":"Web / API server started at 127.0.0.1:4000\n"}}
[debug] [2023-02-21T10:42:35.501Z] Web / API server started at ::1:4000
 {"metadata":{"emulator":{"name":"ui"},"message":"Web / API server started at ::1:4000\n"}}
[info] i  functions: Watching "/Users/azusaw/work/git/water-quality/functions" for Cloud Functions... {"metadata":{"emulator":{"name":"functions"},"message":"Watching \"/Users/azusaw/work/git/water-quality/functions\" for Cloud Functions..."}}
[debug] [2023-02-21T10:42:35.701Z] Validating nodejs source
[debug] [2023-02-21T10:42:36.130Z] > [functions] package.json contents: {
  "name": "functions",
  "description": "Cloud Functions for Firebase",
  "scripts": {
    "lint": "eslint .",
    "serve": "firebase emulators:start --only functions",
    "shell": "firebase functions:shell",
    "start": "npm run shell",
    "deploy": "firebase deploy --only functions",
    "logs": "firebase functions:log"
  },
  "engines": {
    "node": "16"
  },
  "main": "index.js",
  "dependencies": {
    "firebase-admin": "^11.5.0",
    "firebase-functions": "^4.2.0"
  },
  "devDependencies": {
    "eslint": "^8.15.0",
    "eslint-config-google": "^0.14.0",
    "firebase-functions-test": "^3.0.0"
  },
  "private": true
}
[debug] [2023-02-21T10:42:36.131Z] Building nodejs source
[debug] [2023-02-21T10:42:36.131Z] Failed to find version of module node: reached end of search path /Users/azusaw/work/git/water-quality/functions/node_modules
[warn] ⚠  functions: Your requested "node" version "16" doesn't match your global version "14". Using node@14 from host. 
[debug] [2023-02-21T10:42:36.133Z] Could not find functions.yaml. Must use http discovery
[debug] [2023-02-21T10:42:36.135Z] Found firebase-functions binary at '/Users/azusaw/work/git/water-quality/functions/node_modules/.bin/firebase-functions'
[debug] [2023-02-21T10:42:36.228Z] Serving at port 8640

[debug] [2023-02-21T10:42:36.336Z] Got response from /__/functions.yaml {"endpoints":{"helloWorld":{"platform":"gcfv1","availableMemoryMb":null,"timeoutSeconds":null,"minInstances":null,"maxInstances":null,"ingressSettings":null,"serviceAccountEmail":null,"vpc":null,"httpsTrigger":{},"entryPoint":"helloWorld"},"getFirestore":{"platform":"gcfv1","availableMemoryMb":null,"timeoutSeconds":null,"minInstances":null,"maxInstances":null,"ingressSettings":null,"serviceAccountEmail":null,"vpc":null,"httpsTrigger":{},"entryPoint":"getFirestore"},"saveFirestore":{"platform":"gcfv1","availableMemoryMb":null,"timeoutSeconds":null,"minInstances":null,"maxInstances":null,"ingressSettings":null,"serviceAccountEmail":null,"vpc":null,"httpsTrigger":{},"entryPoint":"saveFirestore"}},"specVersion":"v1alpha1","requiredAPIs":[]}
[debug] [2023-02-21T10:42:36.339Z] shutdown requested via /__/quitquitquit

[info] ✔  functions: Loaded functions definitions from source: helloWorld, getFirestore, saveFirestore. {"metadata":{"emulator":{"name":"functions"},"message":"Loaded functions definitions from source: helloWorld, getFirestore, saveFirestore."}}
[info] ✔  functions[us-central1-helloWorld]: http function initialized (http://127.0.0.1:5001/water-quality-check-ab451/us-central1/helloWorld). {"metadata":{"emulator":{"name":"functions"},"message":"\u001b[1mhttp\u001b[22m function initialized (http://127.0.0.1:5001/water-quality-check-ab451/us-central1/helloWorld)."}}
[info] ✔  functions[us-central1-getFirestore]: http function initialized (http://127.0.0.1:5001/water-quality-check-ab451/us-central1/getFirestore). {"metadata":{"emulator":{"name":"functions"},"message":"\u001b[1mhttp\u001b[22m function initialized (http://127.0.0.1:5001/water-quality-check-ab451/us-central1/getFirestore)."}}
[info] ✔  functions[us-central1-saveFirestore]: http function initialized (http://127.0.0.1:5001/water-quality-check-ab451/us-central1/saveFirestore). {"metadata":{"emulator":{"name":"functions"},"message":"\u001b[1mhttp\u001b[22m function initialized (http://127.0.0.1:5001/water-quality-check-ab451/us-central1/saveFirestore)."}}
[info] 
┌─────────────────────────────────────────────────────────────┐
│ ✔  All emulators ready! It is now safe to connect your app. │
│ i  View Emulator UI at http://127.0.0.1:4000/               │
└─────────────────────────────────────────────────────────────┘

┌───────────┬────────────────┬─────────────────────────────────┐
│ Emulator  │ Host:Port      │ View in Emulator UI             │
├───────────┼────────────────┼─────────────────────────────────┤
│ Functions │ 127.0.0.1:5001 │ http://127.0.0.1:4000/functions │
└───────────┴────────────────┴─────────────────────────────────┘
  Emulator Hub running at 127.0.0.1:4400
  Other reserved ports: 4500

Issues? Report them at https://github.com/firebase/firebase-tools/issues and attach the *-debug.log files.
 
[debug] [2023-02-21T10:42:38.391Z] [work-queue] {"queuedWork":["/water-quality-check-ab451/us-central1/saveFirestore-2023-02-21T10:42:38.391Z"],"queueLength":1,"runningWork":[],"workRunningCount":0}
[debug] [2023-02-21T10:42:38.391Z] [work-queue] {"queuedWork":[],"queueLength":0,"runningWork":["/water-quality-check-ab451/us-central1/saveFirestore-2023-02-21T10:42:38.391Z"],"workRunningCount":1}
[debug] [2023-02-21T10:42:38.391Z] Accepted request POST /water-quality-check-ab451/us-central1/saveFirestore --> us-central1-saveFirestore
[debug] [2023-02-21T10:42:38.392Z] [functions] Runtime ready! Sending request! {"metadata":{"emulator":{"name":"functions"},"message":"[functions] Runtime ready! Sending request!"}}
[debug] [2023-02-21T10:42:38.392Z] [functions] Got req.url=/water-quality-check-ab451/us-central1/saveFirestore, mapping to path=/ {"metadata":{"emulator":{"name":"functions"},"message":"[functions] Got req.url=/water-quality-check-ab451/us-central1/saveFirestore, mapping to path=/"}}
[debug] [2023-02-21T10:42:38.397Z] [worker-pool] addWorker(us-central1-saveFirestore) {"metadata":{"emulator":{"name":"functions"},"message":"[worker-pool] addWorker(us-central1-saveFirestore)"}}
[debug] [2023-02-21T10:42:38.398Z] [worker-pool] Adding worker with key us-central1-saveFirestore, total=1 {"metadata":{"emulator":{"name":"functions"},"message":"[worker-pool] Adding worker with key us-central1-saveFirestore, total=1"}}
[debug] [2023-02-21T10:42:38.773Z] [runtime-status] [40382] Resolved module firebase-admin {"declared":true,"installed":true,"version":"11.5.0","resolution":"/Users/azusaw/work/git/water-quality/functions/node_modules/firebase-admin/lib/index.js"} {"metadata":{"emulator":{"name":"functions"},"function":{"name":"us-central1-saveFirestore"},"extension":{},"message":"[runtime-status] [40382] Resolved module firebase-admin {\"declared\":true,\"installed\":true,\"version\":\"11.5.0\",\"resolution\":\"/Users/azusaw/work/git/water-quality/functions/node_modules/firebase-admin/lib/index.js\"}"}}
[debug] [2023-02-21T10:42:38.773Z] [runtime-status] [40382] Resolved module firebase-functions {"declared":true,"installed":true,"version":"4.2.1","resolution":"/Users/azusaw/work/git/water-quality/functions/node_modules/firebase-functions/lib/v1/index.js"} {"metadata":{"emulator":{"name":"functions"},"function":{"name":"us-central1-saveFirestore"},"extension":{},"message":"[runtime-status] [40382] Resolved module firebase-functions {\"declared\":true,\"installed\":true,\"version\":\"4.2.1\",\"resolution\":\"/Users/azusaw/work/git/water-quality/functions/node_modules/firebase-functions/lib/v1/index.js\"}"}}
[debug] [2023-02-21T10:42:38.773Z] [runtime-status] [40382] Outgoing network have been stubbed. [{"name":"http","status":"mocked"},{"name":"http","status":"mocked"},{"name":"https","status":"mocked"},{"name":"https","status":"mocked"},{"name":"net","status":"mocked"}] {"metadata":{"emulator":{"name":"functions"},"function":{"name":"us-central1-saveFirestore"},"extension":{},"message":"[runtime-status] [40382] Outgoing network have been stubbed. [{\"name\":\"http\",\"status\":\"mocked\"},{\"name\":\"http\",\"status\":\"mocked\"},{\"name\":\"https\",\"status\":\"mocked\"},{\"name\":\"https\",\"status\":\"mocked\"},{\"name\":\"net\",\"status\":\"mocked\"}]"}}
[debug] [2023-02-21T10:42:38.774Z] [runtime-status] [40382] Resolved module firebase-functions {"declared":true,"installed":true,"version":"4.2.1","resolution":"/Users/azusaw/work/git/water-quality/functions/node_modules/firebase-functions/lib/v1/index.js"} {"metadata":{"emulator":{"name":"functions"},"function":{"name":"us-central1-saveFirestore"},"extension":{},"message":"[runtime-status] [40382] Resolved module firebase-functions {\"declared\":true,\"installed\":true,\"version\":\"4.2.1\",\"resolution\":\"/Users/azusaw/work/git/water-quality/functions/node_modules/firebase-functions/lib/v1/index.js\"}"}}
[debug] [2023-02-21T10:42:38.839Z] [runtime-status] [40382] Checked functions.config() {"config":{}} {"metadata":{"emulator":{"name":"functions"},"function":{"name":"us-central1-saveFirestore"},"extension":{},"message":"[runtime-status] [40382] Checked functions.config() {\"config\":{}}"}}
[debug] [2023-02-21T10:42:38.839Z] [runtime-status] [40382] firebase-functions has been stubbed. {"functionsResolution":{"declared":true,"installed":true,"version":"4.2.1","resolution":"/Users/azusaw/work/git/water-quality/functions/node_modules/firebase-functions/lib/v1/index.js"}} {"metadata":{"emulator":{"name":"functions"},"function":{"name":"us-central1-saveFirestore"},"extension":{},"message":"[runtime-status] [40382] firebase-functions has been stubbed. {\"functionsResolution\":{\"declared\":true,\"installed\":true,\"version\":\"4.2.1\",\"resolution\":\"/Users/azusaw/work/git/water-quality/functions/node_modules/firebase-functions/lib/v1/index.js\"}}"}}
[debug] [2023-02-21T10:42:38.839Z] [runtime-status] [40382] Resolved module firebase-functions {"declared":true,"installed":true,"version":"4.2.1","resolution":"/Users/azusaw/work/git/water-quality/functions/node_modules/firebase-functions/lib/v1/index.js"} {"metadata":{"emulator":{"name":"functions"},"function":{"name":"us-central1-saveFirestore"},"extension":{},"message":"[runtime-status] [40382] Resolved module firebase-functions {\"declared\":true,\"installed\":true,\"version\":\"4.2.1\",\"resolution\":\"/Users/azusaw/work/git/water-quality/functions/node_modules/firebase-functions/lib/v1/index.js\"}"}}
[debug] [2023-02-21T10:42:38.840Z] [runtime-status] [40382] Resolved module firebase-admin {"declared":true,"installed":true,"version":"11.5.0","resolution":"/Users/azusaw/work/git/water-quality/functions/node_modules/firebase-admin/lib/index.js"} {"metadata":{"emulator":{"name":"functions"},"function":{"name":"us-central1-saveFirestore"},"extension":{},"message":"[runtime-status] [40382] Resolved module firebase-admin {\"declared\":true,\"installed\":true,\"version\":\"11.5.0\",\"resolution\":\"/Users/azusaw/work/git/water-quality/functions/node_modules/firebase-admin/lib/index.js\"}"}}
[debug] [2023-02-21T10:42:38.840Z] [runtime-status] [40382] Resolved module firebase-functions {"declared":true,"installed":true,"version":"4.2.1","resolution":"/Users/azusaw/work/git/water-quality/functions/node_modules/firebase-functions/lib/v1/index.js"} {"metadata":{"emulator":{"name":"functions"},"function":{"name":"us-central1-saveFirestore"},"extension":{},"message":"[runtime-status] [40382] Resolved module firebase-functions {\"declared\":true,\"installed\":true,\"version\":\"4.2.1\",\"resolution\":\"/Users/azusaw/work/git/water-quality/functions/node_modules/firebase-functions/lib/v1/index.js\"}"}}
[debug] [2023-02-21T10:42:38.840Z] [runtime-status] [40382] firebase-admin has been stubbed. {"adminResolution":{"declared":true,"installed":true,"version":"11.5.0","resolution":"/Users/azusaw/work/git/water-quality/functions/node_modules/firebase-admin/lib/index.js"}} {"metadata":{"emulator":{"name":"functions"},"function":{"name":"us-central1-saveFirestore"},"extension":{},"message":"[runtime-status] [40382] firebase-admin has been stubbed. {\"adminResolution\":{\"declared\":true,\"installed\":true,\"version\":\"11.5.0\",\"resolution\":\"/Users/azusaw/work/git/water-quality/functions/node_modules/firebase-admin/lib/index.js\"}}"}}
[warn] ⚠  It looks like you're trying to access functions.config().firebase but there is no value there. You can learn more about setting up config here: https://firebase.google.com/docs/functions/local-emulator {"metadata":{"emulator":{"name":"functions"},"function":{"name":"us-central1-saveFirestore"},"extension":{},"message":"It looks like you're trying to access functions.config().firebase but there is no value there. You can learn more about setting up config here: https://firebase.google.com/docs/functions/local-emulator"}}
[debug] [2023-02-21T10:42:38.842Z] [runtime-status] [40382] initializeApp(DEFAULT) {"storageBucket":"water-quality-check-ab451.appspot.com","projectId":"water-quality-check-ab451"} {"metadata":{"emulator":{"name":"functions"},"function":{"name":"us-central1-saveFirestore"},"extension":{},"message":"[runtime-status] [40382] initializeApp(DEFAULT) {\"storageBucket\":\"water-quality-check-ab451.appspot.com\",\"projectId\":\"water-quality-check-ab451\"}"}}
[warn] ⚠  functions: The Cloud Firestore emulator is not running, so calls to Firestore will affect production. {"metadata":{"emulator":{"name":"functions"},"function":{"name":"us-central1-saveFirestore"},"extension":{},"message":"The Cloud Firestore emulator is not running, so calls to Firestore will affect production."}}
[debug] [2023-02-21T10:42:38.844Z] [runtime-status] [40382] Functions runtime initialized. {"cwd":"/Users/azusaw/work/git/water-quality/functions","node_version":"14.18.1"} {"metadata":{"emulator":{"name":"functions"},"function":{"name":"us-central1-saveFirestore"},"extension":{},"message":"[runtime-status] [40382] Functions runtime initialized. {\"cwd\":\"/Users/azusaw/work/git/water-quality/functions\",\"node_version\":\"14.18.1\"}"}}
[debug] [2023-02-21T10:42:38.844Z] [runtime-status] [40382] Listening to port: /var/folders/ls/1j_67cvj7h531stb8ryl2byr0000gn/T/fire_emu_8ff9139d97f7b5cf.sock {"metadata":{"emulator":{"name":"functions"},"function":{"name":"us-central1-saveFirestore"},"extension":{},"message":"[runtime-status] [40382] Listening to port: /var/folders/ls/1j_67cvj7h531stb8ryl2byr0000gn/T/fire_emu_8ff9139d97f7b5cf.sock"}}
[debug] [2023-02-21T10:42:38.909Z] [worker-us-central1-saveFirestore-b8c7ee36-160a-46b7-ba2b-c531c44a2300]: IDLE {"metadata":{"emulator":{"name":"functions"},"function":{"name":"us-central1-saveFirestore"},"extension":{},"message":"[worker-us-central1-saveFirestore-b8c7ee36-160a-46b7-ba2b-c531c44a2300]: IDLE"}}
[debug] [2023-02-21T10:42:38.909Z] [worker-pool] submitRequest(triggerId=us-central1-saveFirestore) {"metadata":{"emulator":{"name":"functions"},"message":"[worker-pool] submitRequest(triggerId=us-central1-saveFirestore)"}}
[info] i  functions: Beginning execution of "us-central1-saveFirestore" {"metadata":{"emulator":{"name":"functions"},"function":{"name":"us-central1-saveFirestore"},"extension":{},"message":"Beginning execution of \"us-central1-saveFirestore\""}}
[debug] [2023-02-21T10:42:38.909Z] [worker-us-central1-saveFirestore-b8c7ee36-160a-46b7-ba2b-c531c44a2300]: BUSY {"metadata":{"emulator":{"name":"functions"},"function":{"name":"us-central1-saveFirestore"},"extension":{},"message":"[worker-us-central1-saveFirestore-b8c7ee36-160a-46b7-ba2b-c531c44a2300]: BUSY"}}
[warn] ⚠  functions: ReferenceError: Data is not defined
    at /Users/azusaw/work/git/water-quality/functions/index.js:54:13
    at cloudFunction (/Users/azusaw/work/git/water-quality/functions/node_modules/firebase-functions/lib/v1/providers/https.js:51:16)
    at /Users/azusaw/.nodebrew/node/v14.18.1/lib/node_modules/firebase-tools/lib/emulator/functionsEmulatorRuntime.js:532:16
    at runFunction (/Users/azusaw/.nodebrew/node/v14.18.1/lib/node_modules/firebase-tools/lib/emulator/functionsEmulatorRuntime.js:506:15)
    at runHTTPS (/Users/azusaw/.nodebrew/node/v14.18.1/lib/node_modules/firebase-tools/lib/emulator/functionsEmulatorRuntime.js:531:11)
    at /Users/azusaw/.nodebrew/node/v14.18.1/lib/node_modules/firebase-tools/lib/emulator/functionsEmulatorRuntime.js:690:27
    at Layer.handle [as handle_request] (/Users/azusaw/.nodebrew/node/v14.18.1/lib/node_modules/firebase-tools/node_modules/express/lib/router/layer.js:95:5)
    at next (/Users/azusaw/.nodebrew/node/v14.18.1/lib/node_modules/firebase-tools/node_modules/express/lib/router/route.js:144:13)
    at next (/Users/azusaw/.nodebrew/node/v14.18.1/lib/node_modules/firebase-tools/node_modules/express/lib/router/route.js:140:7)
    at next (/Users/azusaw/.nodebrew/node/v14.18.1/lib/node_modules/firebase-tools/node_modules/express/lib/router/route.js:140:7) {"metadata":{"emulator":{"name":"functions"},"function":{"name":"us-central1-saveFirestore"},"extension":{},"message":"ReferenceError: Data is not defined\n    at /Users/azusaw/work/git/water-quality/functions/index.js:54:13\n    at cloudFunction (/Users/azusaw/work/git/water-quality/functions/node_modules/firebase-functions/lib/v1/providers/https.js:51:16)\n    at /Users/azusaw/.nodebrew/node/v14.18.1/lib/node_modules/firebase-tools/lib/emulator/functionsEmulatorRuntime.js:532:16\n    at runFunction (/Users/azusaw/.nodebrew/node/v14.18.1/lib/node_modules/firebase-tools/lib/emulator/functionsEmulatorRuntime.js:506:15)\n    at runHTTPS (/Users/azusaw/.nodebrew/node/v14.18.1/lib/node_modules/firebase-tools/lib/emulator/functionsEmulatorRuntime.js:531:11)\n    at /Users/azusaw/.nodebrew/node/v14.18.1/lib/node_modules/firebase-tools/lib/emulator/functionsEmulatorRuntime.js:690:27\n    at Layer.handle [as handle_request] (/Users/azusaw/.nodebrew/node/v14.18.1/lib/node_modules/firebase-tools/node_modules/express/lib/router/layer.js:95:5)\n    at next (/Users/azusaw/.nodebrew/node/v14.18.1/lib/node_modules/firebase-tools/node_modules/express/lib/router/route.js:144:13)\n    at next (/Users/azusaw/.nodebrew/node/v14.18.1/lib/node_modules/firebase-tools/node_modules/express/lib/router/route.js:140:7)\n    at next (/Users/azusaw/.nodebrew/node/v14.18.1/lib/node_modules/firebase-tools/node_modules/express/lib/router/route.js:140:7)"}}
[warn] ⚠  Your function was killed because it raised an unhandled error. {"metadata":{"emulator":{"name":"functions"},"function":{"name":"us-central1-saveFirestore"},"extension":{},"message":"Your function was killed because it raised an unhandled error."}}
[error] i  Request to function failed: Error: socket hang up {"metadata":{"emulator":{"name":"functions"},"function":{"name":"us-central1-saveFirestore"},"extension":{},"message":"Request to function failed: Error: socket hang up"}}
[debug] [2023-02-21T10:42:38.928Z] [work-queue] {"queuedWork":[],"queueLength":0,"runningWork":[],"workRunningCount":0}
[debug] [2023-02-21T10:42:38.928Z] [worker-us-central1-saveFirestore-b8c7ee36-160a-46b7-ba2b-c531c44a2300]: exited {"metadata":{"emulator":{"name":"functions"},"function":{"name":"us-central1-saveFirestore"},"extension":{},"message":"[worker-us-central1-saveFirestore-b8c7ee36-160a-46b7-ba2b-c531c44a2300]: exited"}}
[debug] [2023-02-21T10:42:38.929Z] [worker-us-central1-saveFirestore-b8c7ee36-160a-46b7-ba2b-c531c44a2300]: FINISHED {"metadata":{"emulator":{"name":"functions"},"function":{"name":"us-central1-saveFirestore"},"extension":{},"message":"[worker-us-central1-saveFirestore-b8c7ee36-160a-46b7-ba2b-c531c44a2300]: FINISHED"}}
[debug] [2023-02-21T10:43:02.400Z] File /Users/azusaw/work/git/water-quality/functions/index.js changed, reloading triggers {"metadata":{"emulator":{"name":"functions"},"message":"File /Users/azusaw/work/git/water-quality/functions/index.js changed, reloading triggers"}}
[debug] [2023-02-21T10:43:03.404Z] Validating nodejs source
[debug] [2023-02-21T10:43:03.768Z] > [functions] package.json contents: {
  "name": "functions",
  "description": "Cloud Functions for Firebase",
  "scripts": {
    "lint": "eslint .",
    "serve": "firebase emulators:start --only functions",
    "shell": "firebase functions:shell",
    "start": "npm run shell",
    "deploy": "firebase deploy --only functions",
    "logs": "firebase functions:log"
  },
  "engines": {
    "node": "16"
  },
  "main": "index.js",
  "dependencies": {
    "firebase-admin": "^11.5.0",
    "firebase-functions": "^4.2.0"
  },
  "devDependencies": {
    "eslint": "^8.15.0",
    "eslint-config-google": "^0.14.0",
    "firebase-functions-test": "^3.0.0"
  },
  "private": true
}
[debug] [2023-02-21T10:43:03.768Z] Building nodejs source
[debug] [2023-02-21T10:43:03.768Z] Failed to find version of module node: reached end of search path /Users/azusaw/work/git/water-quality/functions/node_modules
[warn] ⚠  functions: Your requested "node" version "16" doesn't match your global version "14". Using node@14 from host. 
[debug] [2023-02-21T10:43:03.769Z] Could not find functions.yaml. Must use http discovery
[debug] [2023-02-21T10:43:03.770Z] Found firebase-functions binary at '/Users/azusaw/work/git/water-quality/functions/node_modules/.bin/firebase-functions'
[debug] [2023-02-21T10:43:03.865Z] Serving at port 8447

[debug] [2023-02-21T10:43:04.015Z] Got response from /__/functions.yaml {"endpoints":{"helloWorld":{"platform":"gcfv1","availableMemoryMb":null,"timeoutSeconds":null,"minInstances":null,"maxInstances":null,"ingressSettings":null,"serviceAccountEmail":null,"vpc":null,"httpsTrigger":{},"entryPoint":"helloWorld"},"getFirestore":{"platform":"gcfv1","availableMemoryMb":null,"timeoutSeconds":null,"minInstances":null,"maxInstances":null,"ingressSettings":null,"serviceAccountEmail":null,"vpc":null,"httpsTrigger":{},"entryPoint":"getFirestore"},"saveFirestore":{"platform":"gcfv1","availableMemoryMb":null,"timeoutSeconds":null,"minInstances":null,"maxInstances":null,"ingressSettings":null,"serviceAccountEmail":null,"vpc":null,"httpsTrigger":{},"entryPoint":"saveFirestore"}},"specVersion":"v1alpha1","requiredAPIs":[]}
[debug] [2023-02-21T10:43:04.017Z] shutdown requested via /__/quitquitquit

[info] ✔  functions: Loaded functions definitions from source: helloWorld, getFirestore, saveFirestore. {"metadata":{"emulator":{"name":"functions"},"message":"Loaded functions definitions from source: helloWorld, getFirestore, saveFirestore."}}
[debug] [2023-02-21T10:43:09.827Z] [work-queue] {"queuedWork":["/water-quality-check-ab451/us-central1/saveFirestore-2023-02-21T10:43:09.827Z"],"queueLength":1,"runningWork":[],"workRunningCount":0}
[debug] [2023-02-21T10:43:09.827Z] [work-queue] {"queuedWork":[],"queueLength":0,"runningWork":["/water-quality-check-ab451/us-central1/saveFirestore-2023-02-21T10:43:09.827Z"],"workRunningCount":1}
[debug] [2023-02-21T10:43:09.827Z] Accepted request POST /water-quality-check-ab451/us-central1/saveFirestore --> us-central1-saveFirestore
[debug] [2023-02-21T10:43:09.827Z] [functions] Runtime ready! Sending request! {"metadata":{"emulator":{"name":"functions"},"message":"[functions] Runtime ready! Sending request!"}}
[debug] [2023-02-21T10:43:09.828Z] [functions] Got req.url=/water-quality-check-ab451/us-central1/saveFirestore, mapping to path=/ {"metadata":{"emulator":{"name":"functions"},"message":"[functions] Got req.url=/water-quality-check-ab451/us-central1/saveFirestore, mapping to path=/"}}
[debug] [2023-02-21T10:43:09.828Z] [worker-pool] Cleaned up workers for us-central1-saveFirestore: 1 --> 0 {"metadata":{"emulator":{"name":"functions"},"message":"[worker-pool] Cleaned up workers for us-central1-saveFirestore: 1 --> 0"}}
[debug] [2023-02-21T10:43:09.833Z] [worker-pool] addWorker(us-central1-saveFirestore) {"metadata":{"emulator":{"name":"functions"},"message":"[worker-pool] addWorker(us-central1-saveFirestore)"}}
[debug] [2023-02-21T10:43:09.834Z] [worker-pool] Adding worker with key us-central1-saveFirestore, total=1 {"metadata":{"emulator":{"name":"functions"},"message":"[worker-pool] Adding worker with key us-central1-saveFirestore, total=1"}}
[debug] [2023-02-21T10:43:10.450Z] [runtime-status] [40393] Resolved module firebase-admin {"declared":true,"installed":true,"version":"11.5.0","resolution":"/Users/azusaw/work/git/water-quality/functions/node_modules/firebase-admin/lib/index.js"} {"metadata":{"emulator":{"name":"functions"},"function":{"name":"us-central1-saveFirestore"},"extension":{},"message":"[runtime-status] [40393] Resolved module firebase-admin {\"declared\":true,\"installed\":true,\"version\":\"11.5.0\",\"resolution\":\"/Users/azusaw/work/git/water-quality/functions/node_modules/firebase-admin/lib/index.js\"}"}}
[debug] [2023-02-21T10:43:10.450Z] [runtime-status] [40393] Resolved module firebase-functions {"declared":true,"installed":true,"version":"4.2.1","resolution":"/Users/azusaw/work/git/water-quality/functions/node_modules/firebase-functions/lib/v1/index.js"} {"metadata":{"emulator":{"name":"functions"},"function":{"name":"us-central1-saveFirestore"},"extension":{},"message":"[runtime-status] [40393] Resolved module firebase-functions {\"declared\":true,\"installed\":true,\"version\":\"4.2.1\",\"resolution\":\"/Users/azusaw/work/git/water-quality/functions/node_modules/firebase-functions/lib/v1/index.js\"}"}}
[debug] [2023-02-21T10:43:10.450Z] [runtime-status] [40393] Outgoing network have been stubbed. [{"name":"http","status":"mocked"},{"name":"http","status":"mocked"},{"name":"https","status":"mocked"},{"name":"https","status":"mocked"},{"name":"net","status":"mocked"}] {"metadata":{"emulator":{"name":"functions"},"function":{"name":"us-central1-saveFirestore"},"extension":{},"message":"[runtime-status] [40393] Outgoing network have been stubbed. [{\"name\":\"http\",\"status\":\"mocked\"},{\"name\":\"http\",\"status\":\"mocked\"},{\"name\":\"https\",\"status\":\"mocked\"},{\"name\":\"https\",\"status\":\"mocked\"},{\"name\":\"net\",\"status\":\"mocked\"}]"}}
[debug] [2023-02-21T10:43:10.450Z] [runtime-status] [40393] Resolved module firebase-functions {"declared":true,"installed":true,"version":"4.2.1","resolution":"/Users/azusaw/work/git/water-quality/functions/node_modules/firebase-functions/lib/v1/index.js"} {"metadata":{"emulator":{"name":"functions"},"function":{"name":"us-central1-saveFirestore"},"extension":{},"message":"[runtime-status] [40393] Resolved module firebase-functions {\"declared\":true,\"installed\":true,\"version\":\"4.2.1\",\"resolution\":\"/Users/azusaw/work/git/water-quality/functions/node_modules/firebase-functions/lib/v1/index.js\"}"}}
[debug] [2023-02-21T10:43:10.541Z] [runtime-status] [40393] Checked functions.config() {"config":{}} {"metadata":{"emulator":{"name":"functions"},"function":{"name":"us-central1-saveFirestore"},"extension":{},"message":"[runtime-status] [40393] Checked functions.config() {\"config\":{}}"}}
[debug] [2023-02-21T10:43:10.541Z] [runtime-status] [40393] firebase-functions has been stubbed. {"functionsResolution":{"declared":true,"installed":true,"version":"4.2.1","resolution":"/Users/azusaw/work/git/water-quality/functions/node_modules/firebase-functions/lib/v1/index.js"}} {"metadata":{"emulator":{"name":"functions"},"function":{"name":"us-central1-saveFirestore"},"extension":{},"message":"[runtime-status] [40393] firebase-functions has been stubbed. {\"functionsResolution\":{\"declared\":true,\"installed\":true,\"version\":\"4.2.1\",\"resolution\":\"/Users/azusaw/work/git/water-quality/functions/node_modules/firebase-functions/lib/v1/index.js\"}}"}}
[debug] [2023-02-21T10:43:10.541Z] [runtime-status] [40393] Resolved module firebase-functions {"declared":true,"installed":true,"version":"4.2.1","resolution":"/Users/azusaw/work/git/water-quality/functions/node_modules/firebase-functions/lib/v1/index.js"} {"metadata":{"emulator":{"name":"functions"},"function":{"name":"us-central1-saveFirestore"},"extension":{},"message":"[runtime-status] [40393] Resolved module firebase-functions {\"declared\":true,\"installed\":true,\"version\":\"4.2.1\",\"resolution\":\"/Users/azusaw/work/git/water-quality/functions/node_modules/firebase-functions/lib/v1/index.js\"}"}}
[debug] [2023-02-21T10:43:10.541Z] [runtime-status] [40393] Resolved module firebase-admin {"declared":true,"installed":true,"version":"11.5.0","resolution":"/Users/azusaw/work/git/water-quality/functions/node_modules/firebase-admin/lib/index.js"} {"metadata":{"emulator":{"name":"functions"},"function":{"name":"us-central1-saveFirestore"},"extension":{},"message":"[runtime-status] [40393] Resolved module firebase-admin {\"declared\":true,\"installed\":true,\"version\":\"11.5.0\",\"resolution\":\"/Users/azusaw/work/git/water-quality/functions/node_modules/firebase-admin/lib/index.js\"}"}}
[debug] [2023-02-21T10:43:10.542Z] [runtime-status] [40393] Resolved module firebase-functions {"declared":true,"installed":true,"version":"4.2.1","resolution":"/Users/azusaw/work/git/water-quality/functions/node_modules/firebase-functions/lib/v1/index.js"} {"metadata":{"emulator":{"name":"functions"},"function":{"name":"us-central1-saveFirestore"},"extension":{},"message":"[runtime-status] [40393] Resolved module firebase-functions {\"declared\":true,\"installed\":true,\"version\":\"4.2.1\",\"resolution\":\"/Users/azusaw/work/git/water-quality/functions/node_modules/firebase-functions/lib/v1/index.js\"}"}}
[debug] [2023-02-21T10:43:10.542Z] [runtime-status] [40393] firebase-admin has been stubbed. {"adminResolution":{"declared":true,"installed":true,"version":"11.5.0","resolution":"/Users/azusaw/work/git/water-quality/functions/node_modules/firebase-admin/lib/index.js"}} {"metadata":{"emulator":{"name":"functions"},"function":{"name":"us-central1-saveFirestore"},"extension":{},"message":"[runtime-status] [40393] firebase-admin has been stubbed. {\"adminResolution\":{\"declared\":true,\"installed\":true,\"version\":\"11.5.0\",\"resolution\":\"/Users/azusaw/work/git/water-quality/functions/node_modules/firebase-admin/lib/index.js\"}}"}}
[debug] [2023-02-21T10:43:10.543Z] [runtime-status] [40393] initializeApp(DEFAULT) {"storageBucket":"water-quality-check-ab451.appspot.com","projectId":"water-quality-check-ab451"} {"metadata":{"emulator":{"name":"functions"},"function":{"name":"us-central1-saveFirestore"},"extension":{},"message":"[runtime-status] [40393] initializeApp(DEFAULT) {\"storageBucket\":\"water-quality-check-ab451.appspot.com\",\"projectId\":\"water-quality-check-ab451\"}"}}
[debug] [2023-02-21T10:43:10.545Z] [runtime-status] [40393] Functions runtime initialized. {"cwd":"/Users/azusaw/work/git/water-quality/functions","node_version":"14.18.1"} {"metadata":{"emulator":{"name":"functions"},"function":{"name":"us-central1-saveFirestore"},"extension":{},"message":"[runtime-status] [40393] Functions runtime initialized. {\"cwd\":\"/Users/azusaw/work/git/water-quality/functions\",\"node_version\":\"14.18.1\"}"}}
[debug] [2023-02-21T10:43:10.545Z] [runtime-status] [40393] Listening to port: /var/folders/ls/1j_67cvj7h531stb8ryl2byr0000gn/T/fire_emu_4be763619e025ccc.sock {"metadata":{"emulator":{"name":"functions"},"function":{"name":"us-central1-saveFirestore"},"extension":{},"message":"[runtime-status] [40393] Listening to port: /var/folders/ls/1j_67cvj7h531stb8ryl2byr0000gn/T/fire_emu_4be763619e025ccc.sock"}}
[debug] [2023-02-21T10:43:10.648Z] [worker-us-central1-saveFirestore-bd29022c-86be-49a7-8264-4845af4995ef]: IDLE {"metadata":{"emulator":{"name":"functions"},"function":{"name":"us-central1-saveFirestore"},"extension":{},"message":"[worker-us-central1-saveFirestore-bd29022c-86be-49a7-8264-4845af4995ef]: IDLE"}}
[debug] [2023-02-21T10:43:10.648Z] [worker-pool] submitRequest(triggerId=us-central1-saveFirestore) {"metadata":{"emulator":{"name":"functions"},"message":"[worker-pool] submitRequest(triggerId=us-central1-saveFirestore)"}}
[info] i  functions: Beginning execution of "us-central1-saveFirestore" {"metadata":{"emulator":{"name":"functions"},"function":{"name":"us-central1-saveFirestore"},"extension":{},"message":"Beginning execution of \"us-central1-saveFirestore\""}}
[debug] [2023-02-21T10:43:10.648Z] [worker-us-central1-saveFirestore-bd29022c-86be-49a7-8264-4845af4995ef]: BUSY {"metadata":{"emulator":{"name":"functions"},"function":{"name":"us-central1-saveFirestore"},"extension":{},"message":"[worker-us-central1-saveFirestore-bd29022c-86be-49a7-8264-4845af4995ef]: BUSY"}}
[warn] ⚠  Google API requested!
   - URL: "https://oauth2.googleapis.com/token"
   - Be careful, this may be a production service. {"metadata":{"emulator":{"name":"functions"},"function":{"name":"us-central1-saveFirestore"},"extension":{},"message":"Google API requested!\n   - URL: \"https://oauth2.googleapis.com/token\"\n   - Be careful, this may be a production service."}}
[info] i  functions: Finished "us-central1-saveFirestore" in 378.870125ms {"metadata":{"emulator":{"name":"functions"},"function":{"name":"us-central1-saveFirestore"},"extension":{},"message":"Finished \"us-central1-saveFirestore\" in 378.870125ms"}}
[debug] [2023-02-21T10:43:11.028Z] [worker-us-central1-saveFirestore-bd29022c-86be-49a7-8264-4845af4995ef]: IDLE {"metadata":{"emulator":{"name":"functions"},"function":{"name":"us-central1-saveFirestore"},"extension":{},"message":"[worker-us-central1-saveFirestore-bd29022c-86be-49a7-8264-4845af4995ef]: IDLE"}}
[debug] [2023-02-21T10:43:11.028Z] [work-queue] {"queuedWork":[],"queueLength":0,"runningWork":[],"workRunningCount":0}
[info] >  _http_outgoing.js:561 {"user":"_http_outgoing.js:561","metadata":{"emulator":{"name":"functions"},"function":{"name":"us-central1-saveFirestore"},"extension":{},"message":"\u001b[90m> \u001b[39m _http_outgoing.js:561"}}
[info] >      throw new ERR_HTTP_HEADERS_SENT('set'); {"user":"    throw new ERR_HTTP_HEADERS_SENT('set');","metadata":{"emulator":{"name":"functions"},"function":{"name":"us-central1-saveFirestore"},"extension":{},"message":"\u001b[90m> \u001b[39m     throw new ERR_HTTP_HEADERS_SENT('set');"}}
[info] >      ^ {"user":"    ^","metadata":{"emulator":{"name":"functions"},"function":{"name":"us-central1-saveFirestore"},"extension":{},"message":"\u001b[90m> \u001b[39m     ^"}}
[info] >   {"user":"","metadata":{"emulator":{"name":"functions"},"function":{"name":"us-central1-saveFirestore"},"extension":{},"message":"\u001b[90m> \u001b[39m "}}
[info] >  Error [ERR_HTTP_HEADERS_SENT]: Cannot set headers after they are sent to the client {"user":"Error [ERR_HTTP_HEADERS_SENT]: Cannot set headers after they are sent to the client","metadata":{"emulator":{"name":"functions"},"function":{"name":"us-central1-saveFirestore"},"extension":{},"message":"\u001b[90m> \u001b[39m Error [ERR_HTTP_HEADERS_SENT]: Cannot set headers after they are sent to the client"}}
[info] >      at new NodeError (internal/errors.js:322:7) {"user":"    at new NodeError (internal/errors.js:322:7)","metadata":{"emulator":{"name":"functions"},"function":{"name":"us-central1-saveFirestore"},"extension":{},"message":"\u001b[90m> \u001b[39m     at new NodeError (internal/errors.js:322:7)"}}
[info] >      at ServerResponse.setHeader (_http_outgoing.js:561:11) {"user":"    at ServerResponse.setHeader (_http_outgoing.js:561:11)","metadata":{"emulator":{"name":"functions"},"function":{"name":"us-central1-saveFirestore"},"extension":{},"message":"\u001b[90m> \u001b[39m     at ServerResponse.setHeader (_http_outgoing.js:561:11)"}}
[info] >      at ServerResponse.header (/Users/azusaw/.nodebrew/node/v14.18.1/lib/node_modules/firebase-tools/node_modules/express/lib/response.js:794:10) {"user":"    at ServerResponse.header (/Users/azusaw/.nodebrew/node/v14.18.1/lib/node_modules/firebase-tools/node_modules/express/lib/response.js:794:10)","metadata":{"emulator":{"name":"functions"},"function":{"name":"us-central1-saveFirestore"},"extension":{},"message":"\u001b[90m> \u001b[39m     at ServerResponse.header (/Users/azusaw/.nodebrew/node/v14.18.1/lib/node_modules/firebase-tools/node_modules/express/lib/response.js:794:10)"}}
[info] >      at ServerResponse.json (/Users/azusaw/.nodebrew/node/v14.18.1/lib/node_modules/firebase-tools/node_modules/express/lib/response.js:275:10) {"user":"    at ServerResponse.json (/Users/azusaw/.nodebrew/node/v14.18.1/lib/node_modules/firebase-tools/node_modules/express/lib/response.js:275:10)","metadata":{"emulator":{"name":"functions"},"function":{"name":"us-central1-saveFirestore"},"extension":{},"message":"\u001b[90m> \u001b[39m     at ServerResponse.json (/Users/azusaw/.nodebrew/node/v14.18.1/lib/node_modules/firebase-tools/node_modules/express/lib/response.js:275:10)"}}
[info] >      at ServerResponse.send (/Users/azusaw/.nodebrew/node/v14.18.1/lib/node_modules/firebase-tools/node_modules/express/lib/response.js:162:21) {"user":"    at ServerResponse.send (/Users/azusaw/.nodebrew/node/v14.18.1/lib/node_modules/firebase-tools/node_modules/express/lib/response.js:162:21)","metadata":{"emulator":{"name":"functions"},"function":{"name":"us-central1-saveFirestore"},"extension":{},"message":"\u001b[90m> \u001b[39m     at ServerResponse.send (/Users/azusaw/.nodebrew/node/v14.18.1/lib/node_modules/firebase-tools/node_modules/express/lib/response.js:162:21)"}}
[info] >      at /Users/azusaw/work/git/water-quality/functions/index.js:65:25 {"user":"    at /Users/azusaw/work/git/water-quality/functions/index.js:65:25","metadata":{"emulator":{"name":"functions"},"function":{"name":"us-central1-saveFirestore"},"extension":{},"message":"\u001b[90m> \u001b[39m     at /Users/azusaw/work/git/water-quality/functions/index.js:65:25"}}
[info] >      at DocumentWatch.onNext (/Users/azusaw/work/git/water-quality/functions/node_modules/@google-cloud/firestore/build/src/reference.js:470:21) {"user":"    at DocumentWatch.onNext (/Users/azusaw/work/git/water-quality/functions/node_modules/@google-cloud/firestore/build/src/reference.js:470:21)","metadata":{"emulator":{"name":"functions"},"function":{"name":"us-central1-saveFirestore"},"extension":{},"message":"\u001b[90m> \u001b[39m     at DocumentWatch.onNext (/Users/azusaw/work/git/water-quality/functions/node_modules/@google-cloud/firestore/build/src/reference.js:470:21)"}}
[info] >      at DocumentWatch.pushSnapshot (/Users/azusaw/work/git/water-quality/functions/node_modules/@google-cloud/firestore/build/src/watch.js:469:18) {"user":"    at DocumentWatch.pushSnapshot (/Users/azusaw/work/git/water-quality/functions/node_modules/@google-cloud/firestore/build/src/watch.js:469:18)","metadata":{"emulator":{"name":"functions"},"function":{"name":"us-central1-saveFirestore"},"extension":{},"message":"\u001b[90m> \u001b[39m     at DocumentWatch.pushSnapshot (/Users/azusaw/work/git/water-quality/functions/node_modules/@google-cloud/firestore/build/src/watch.js:469:18)"}}
[info] >      at DocumentWatch.onData (/Users/azusaw/work/git/water-quality/functions/node_modules/@google-cloud/firestore/build/src/watch.js:353:26) {"user":"    at DocumentWatch.onData (/Users/azusaw/work/git/water-quality/functions/node_modules/@google-cloud/firestore/build/src/watch.js:353:26)","metadata":{"emulator":{"name":"functions"},"function":{"name":"us-central1-saveFirestore"},"extension":{},"message":"\u001b[90m> \u001b[39m     at DocumentWatch.onData (/Users/azusaw/work/git/water-quality/functions/node_modules/@google-cloud/firestore/build/src/watch.js:353:26)"}}
[info] >      at PassThrough.<anonymous> (/Users/azusaw/work/git/water-quality/functions/node_modules/@google-cloud/firestore/build/src/watch.js:315:26) { {"user":"    at PassThrough.<anonymous> (/Users/azusaw/work/git/water-quality/functions/node_modules/@google-cloud/firestore/build/src/watch.js:315:26) {","metadata":{"emulator":{"name":"functions"},"function":{"name":"us-central1-saveFirestore"},"extension":{},"message":"\u001b[90m> \u001b[39m     at PassThrough.<anonymous> (/Users/azusaw/work/git/water-quality/functions/node_modules/@google-cloud/firestore/build/src/watch.js:315:26) {"}}
[info] >    code: 'ERR_HTTP_HEADERS_SENT' {"user":"  code: 'ERR_HTTP_HEADERS_SENT'","metadata":{"emulator":{"name":"functions"},"function":{"name":"us-central1-saveFirestore"},"extension":{},"message":"\u001b[90m> \u001b[39m   code: 'ERR_HTTP_HEADERS_SENT'"}}
[info] >  } {"user":"}","metadata":{"emulator":{"name":"functions"},"function":{"name":"us-central1-saveFirestore"},"extension":{},"message":"\u001b[90m> \u001b[39m }"}}
[debug] [2023-02-21T10:43:11.091Z] [worker-us-central1-saveFirestore-bd29022c-86be-49a7-8264-4845af4995ef]: exited {"metadata":{"emulator":{"name":"functions"},"function":{"name":"us-central1-saveFirestore"},"extension":{},"message":"[worker-us-central1-saveFirestore-bd29022c-86be-49a7-8264-4845af4995ef]: exited"}}
[debug] [2023-02-21T10:43:11.091Z] [worker-us-central1-saveFirestore-bd29022c-86be-49a7-8264-4845af4995ef]: FINISHED {"metadata":{"emulator":{"name":"functions"},"function":{"name":"us-central1-saveFirestore"},"extension":{},"message":"[worker-us-central1-saveFirestore-bd29022c-86be-49a7-8264-4845af4995ef]: FINISHED"}}
[debug] [2023-02-21T10:44:04.111Z] [work-queue] {"queuedWork":["/water-quality-check-ab451/us-central1/getFirestore-2023-02-21T10:44:04.111Z"],"queueLength":1,"runningWork":[],"workRunningCount":0}
[debug] [2023-02-21T10:44:04.112Z] [work-queue] {"queuedWork":[],"queueLength":0,"runningWork":["/water-quality-check-ab451/us-central1/getFirestore-2023-02-21T10:44:04.111Z"],"workRunningCount":1}
[debug] [2023-02-21T10:44:04.112Z] Accepted request POST /water-quality-check-ab451/us-central1/getFirestore --> us-central1-getFirestore
[debug] [2023-02-21T10:44:04.113Z] [functions] Runtime ready! Sending request! {"metadata":{"emulator":{"name":"functions"},"message":"[functions] Runtime ready! Sending request!"}}
[debug] [2023-02-21T10:44:04.113Z] [functions] Got req.url=/water-quality-check-ab451/us-central1/getFirestore, mapping to path=/ {"metadata":{"emulator":{"name":"functions"},"message":"[functions] Got req.url=/water-quality-check-ab451/us-central1/getFirestore, mapping to path=/"}}
[debug] [2023-02-21T10:44:04.113Z] [worker-pool] Cleaned up workers for us-central1-saveFirestore: 1 --> 0 {"metadata":{"emulator":{"name":"functions"},"message":"[worker-pool] Cleaned up workers for us-central1-saveFirestore: 1 --> 0"}}
[debug] [2023-02-21T10:44:04.118Z] [worker-pool] addWorker(us-central1-getFirestore) {"metadata":{"emulator":{"name":"functions"},"message":"[worker-pool] addWorker(us-central1-getFirestore)"}}
[debug] [2023-02-21T10:44:04.120Z] [worker-pool] Adding worker with key us-central1-getFirestore, total=1 {"metadata":{"emulator":{"name":"functions"},"message":"[worker-pool] Adding worker with key us-central1-getFirestore, total=1"}}
[debug] [2023-02-21T10:44:04.702Z] [runtime-status] [40426] Resolved module firebase-admin {"declared":true,"installed":true,"version":"11.5.0","resolution":"/Users/azusaw/work/git/water-quality/functions/node_modules/firebase-admin/lib/index.js"} {"metadata":{"emulator":{"name":"functions"},"function":{"name":"us-central1-getFirestore"},"extension":{},"message":"[runtime-status] [40426] Resolved module firebase-admin {\"declared\":true,\"installed\":true,\"version\":\"11.5.0\",\"resolution\":\"/Users/azusaw/work/git/water-quality/functions/node_modules/firebase-admin/lib/index.js\"}"}}
[debug] [2023-02-21T10:44:04.702Z] [runtime-status] [40426] Resolved module firebase-functions {"declared":true,"installed":true,"version":"4.2.1","resolution":"/Users/azusaw/work/git/water-quality/functions/node_modules/firebase-functions/lib/v1/index.js"} {"metadata":{"emulator":{"name":"functions"},"function":{"name":"us-central1-getFirestore"},"extension":{},"message":"[runtime-status] [40426] Resolved module firebase-functions {\"declared\":true,\"installed\":true,\"version\":\"4.2.1\",\"resolution\":\"/Users/azusaw/work/git/water-quality/functions/node_modules/firebase-functions/lib/v1/index.js\"}"}}
[debug] [2023-02-21T10:44:04.703Z] [runtime-status] [40426] Outgoing network have been stubbed. [{"name":"http","status":"mocked"},{"name":"http","status":"mocked"},{"name":"https","status":"mocked"},{"name":"https","status":"mocked"},{"name":"net","status":"mocked"}] {"metadata":{"emulator":{"name":"functions"},"function":{"name":"us-central1-getFirestore"},"extension":{},"message":"[runtime-status] [40426] Outgoing network have been stubbed. [{\"name\":\"http\",\"status\":\"mocked\"},{\"name\":\"http\",\"status\":\"mocked\"},{\"name\":\"https\",\"status\":\"mocked\"},{\"name\":\"https\",\"status\":\"mocked\"},{\"name\":\"net\",\"status\":\"mocked\"}]"}}
[debug] [2023-02-21T10:44:04.703Z] [runtime-status] [40426] Resolved module firebase-functions {"declared":true,"installed":true,"version":"4.2.1","resolution":"/Users/azusaw/work/git/water-quality/functions/node_modules/firebase-functions/lib/v1/index.js"} {"metadata":{"emulator":{"name":"functions"},"function":{"name":"us-central1-getFirestore"},"extension":{},"message":"[runtime-status] [40426] Resolved module firebase-functions {\"declared\":true,\"installed\":true,\"version\":\"4.2.1\",\"resolution\":\"/Users/azusaw/work/git/water-quality/functions/node_modules/firebase-functions/lib/v1/index.js\"}"}}
[debug] [2023-02-21T10:44:04.817Z] [runtime-status] [40426] Checked functions.config() {"config":{}} {"metadata":{"emulator":{"name":"functions"},"function":{"name":"us-central1-getFirestore"},"extension":{},"message":"[runtime-status] [40426] Checked functions.config() {\"config\":{}}"}}
[debug] [2023-02-21T10:44:04.817Z] [runtime-status] [40426] firebase-functions has been stubbed. {"functionsResolution":{"declared":true,"installed":true,"version":"4.2.1","resolution":"/Users/azusaw/work/git/water-quality/functions/node_modules/firebase-functions/lib/v1/index.js"}} {"metadata":{"emulator":{"name":"functions"},"function":{"name":"us-central1-getFirestore"},"extension":{},"message":"[runtime-status] [40426] firebase-functions has been stubbed. {\"functionsResolution\":{\"declared\":true,\"installed\":true,\"version\":\"4.2.1\",\"resolution\":\"/Users/azusaw/work/git/water-quality/functions/node_modules/firebase-functions/lib/v1/index.js\"}}"}}
[debug] [2023-02-21T10:44:04.817Z] [runtime-status] [40426] Resolved module firebase-functions {"declared":true,"installed":true,"version":"4.2.1","resolution":"/Users/azusaw/work/git/water-quality/functions/node_modules/firebase-functions/lib/v1/index.js"} {"metadata":{"emulator":{"name":"functions"},"function":{"name":"us-central1-getFirestore"},"extension":{},"message":"[runtime-status] [40426] Resolved module firebase-functions {\"declared\":true,\"installed\":true,\"version\":\"4.2.1\",\"resolution\":\"/Users/azusaw/work/git/water-quality/functions/node_modules/firebase-functions/lib/v1/index.js\"}"}}
[debug] [2023-02-21T10:44:04.817Z] [runtime-status] [40426] Resolved module firebase-admin {"declared":true,"installed":true,"version":"11.5.0","resolution":"/Users/azusaw/work/git/water-quality/functions/node_modules/firebase-admin/lib/index.js"} {"metadata":{"emulator":{"name":"functions"},"function":{"name":"us-central1-getFirestore"},"extension":{},"message":"[runtime-status] [40426] Resolved module firebase-admin {\"declared\":true,\"installed\":true,\"version\":\"11.5.0\",\"resolution\":\"/Users/azusaw/work/git/water-quality/functions/node_modules/firebase-admin/lib/index.js\"}"}}
[debug] [2023-02-21T10:44:04.818Z] [runtime-status] [40426] Resolved module firebase-functions {"declared":true,"installed":true,"version":"4.2.1","resolution":"/Users/azusaw/work/git/water-quality/functions/node_modules/firebase-functions/lib/v1/index.js"} {"metadata":{"emulator":{"name":"functions"},"function":{"name":"us-central1-getFirestore"},"extension":{},"message":"[runtime-status] [40426] Resolved module firebase-functions {\"declared\":true,\"installed\":true,\"version\":\"4.2.1\",\"resolution\":\"/Users/azusaw/work/git/water-quality/functions/node_modules/firebase-functions/lib/v1/index.js\"}"}}
[debug] [2023-02-21T10:44:04.818Z] [runtime-status] [40426] firebase-admin has been stubbed. {"adminResolution":{"declared":true,"installed":true,"version":"11.5.0","resolution":"/Users/azusaw/work/git/water-quality/functions/node_modules/firebase-admin/lib/index.js"}} {"metadata":{"emulator":{"name":"functions"},"function":{"name":"us-central1-getFirestore"},"extension":{},"message":"[runtime-status] [40426] firebase-admin has been stubbed. {\"adminResolution\":{\"declared\":true,\"installed\":true,\"version\":\"11.5.0\",\"resolution\":\"/Users/azusaw/work/git/water-quality/functions/node_modules/firebase-admin/lib/index.js\"}}"}}
[debug] [2023-02-21T10:44:04.820Z] [runtime-status] [40426] initializeApp(DEFAULT) {"storageBucket":"water-quality-check-ab451.appspot.com","projectId":"water-quality-check-ab451"} {"metadata":{"emulator":{"name":"functions"},"function":{"name":"us-central1-getFirestore"},"extension":{},"message":"[runtime-status] [40426] initializeApp(DEFAULT) {\"storageBucket\":\"water-quality-check-ab451.appspot.com\",\"projectId\":\"water-quality-check-ab451\"}"}}
[debug] [2023-02-21T10:44:04.822Z] [runtime-status] [40426] Functions runtime initialized. {"cwd":"/Users/azusaw/work/git/water-quality/functions","node_version":"14.18.1"} {"metadata":{"emulator":{"name":"functions"},"function":{"name":"us-central1-getFirestore"},"extension":{},"message":"[runtime-status] [40426] Functions runtime initialized. {\"cwd\":\"/Users/azusaw/work/git/water-quality/functions\",\"node_version\":\"14.18.1\"}"}}
[debug] [2023-02-21T10:44:04.822Z] [runtime-status] [40426] Listening to port: /var/folders/ls/1j_67cvj7h531stb8ryl2byr0000gn/T/fire_emu_3181300decb71d01.sock {"metadata":{"emulator":{"name":"functions"},"function":{"name":"us-central1-getFirestore"},"extension":{},"message":"[runtime-status] [40426] Listening to port: /var/folders/ls/1j_67cvj7h531stb8ryl2byr0000gn/T/fire_emu_3181300decb71d01.sock"}}
[debug] [2023-02-21T10:44:04.835Z] [worker-us-central1-getFirestore-d2ebf139-8031-4e0d-8064-3fb914a1a00c]: IDLE {"metadata":{"emulator":{"name":"functions"},"function":{"name":"us-central1-getFirestore"},"extension":{},"message":"[worker-us-central1-getFirestore-d2ebf139-8031-4e0d-8064-3fb914a1a00c]: IDLE"}}
[debug] [2023-02-21T10:44:04.835Z] [worker-pool] submitRequest(triggerId=us-central1-getFirestore) {"metadata":{"emulator":{"name":"functions"},"message":"[worker-pool] submitRequest(triggerId=us-central1-getFirestore)"}}
[info] i  functions: Beginning execution of "us-central1-getFirestore" {"metadata":{"emulator":{"name":"functions"},"function":{"name":"us-central1-getFirestore"},"extension":{},"message":"Beginning execution of \"us-central1-getFirestore\""}}
[debug] [2023-02-21T10:44:04.835Z] [worker-us-central1-getFirestore-d2ebf139-8031-4e0d-8064-3fb914a1a00c]: BUSY {"metadata":{"emulator":{"name":"functions"},"function":{"name":"us-central1-getFirestore"},"extension":{},"message":"[worker-us-central1-getFirestore-d2ebf139-8031-4e0d-8064-3fb914a1a00c]: BUSY"}}
[warn] ⚠  Google API requested!
   - URL: "https://oauth2.googleapis.com/token"
   - Be careful, this may be a production service. {"metadata":{"emulator":{"name":"functions"},"function":{"name":"us-central1-getFirestore"},"extension":{},"message":"Google API requested!\n   - URL: \"https://oauth2.googleapis.com/token\"\n   - Be careful, this may be a production service."}}
[info] i  functions: Finished "us-central1-getFirestore" in 382.145958ms {"metadata":{"emulator":{"name":"functions"},"function":{"name":"us-central1-getFirestore"},"extension":{},"message":"Finished \"us-central1-getFirestore\" in 382.145958ms"}}
[debug] [2023-02-21T10:44:05.218Z] [worker-us-central1-getFirestore-d2ebf139-8031-4e0d-8064-3fb914a1a00c]: IDLE {"metadata":{"emulator":{"name":"functions"},"function":{"name":"us-central1-getFirestore"},"extension":{},"message":"[worker-us-central1-getFirestore-d2ebf139-8031-4e0d-8064-3fb914a1a00c]: IDLE"}}
[debug] [2023-02-21T10:44:05.218Z] [work-queue] {"queuedWork":[],"queueLength":0,"runningWork":[],"workRunningCount":0}
[debug] [2023-02-21T10:44:09.076Z] [work-queue] {"queuedWork":["/water-quality-check-ab451/us-central1/getFirestore-2023-02-21T10:44:09.076Z"],"queueLength":1,"runningWork":[],"workRunningCount":0}
[debug] [2023-02-21T10:44:09.076Z] [work-queue] {"queuedWork":[],"queueLength":0,"runningWork":["/water-quality-check-ab451/us-central1/getFirestore-2023-02-21T10:44:09.076Z"],"workRunningCount":1}
[debug] [2023-02-21T10:44:09.077Z] Accepted request POST /water-quality-check-ab451/us-central1/getFirestore --> us-central1-getFirestore
[debug] [2023-02-21T10:44:09.077Z] [functions] Runtime ready! Sending request! {"metadata":{"emulator":{"name":"functions"},"message":"[functions] Runtime ready! Sending request!"}}
[debug] [2023-02-21T10:44:09.077Z] [functions] Got req.url=/water-quality-check-ab451/us-central1/getFirestore, mapping to path=/ {"metadata":{"emulator":{"name":"functions"},"message":"[functions] Got req.url=/water-quality-check-ab451/us-central1/getFirestore, mapping to path=/"}}
[debug] [2023-02-21T10:44:09.077Z] [worker-pool] submitRequest(triggerId=us-central1-getFirestore) {"metadata":{"emulator":{"name":"functions"},"message":"[worker-pool] submitRequest(triggerId=us-central1-getFirestore)"}}
[info] i  functions: Beginning execution of "us-central1-getFirestore" {"metadata":{"emulator":{"name":"functions"},"function":{"name":"us-central1-getFirestore"},"extension":{},"message":"Beginning execution of \"us-central1-getFirestore\""}}
[debug] [2023-02-21T10:44:09.078Z] [worker-us-central1-getFirestore-d2ebf139-8031-4e0d-8064-3fb914a1a00c]: BUSY {"metadata":{"emulator":{"name":"functions"},"function":{"name":"us-central1-getFirestore"},"extension":{},"message":"[worker-us-central1-getFirestore-d2ebf139-8031-4e0d-8064-3fb914a1a00c]: BUSY"}}
[info] i  functions: Finished "us-central1-getFirestore" in 47.105375ms {"metadata":{"emulator":{"name":"functions"},"function":{"name":"us-central1-getFirestore"},"extension":{},"message":"Finished \"us-central1-getFirestore\" in 47.105375ms"}}
[debug] [2023-02-21T10:44:09.125Z] [worker-us-central1-getFirestore-d2ebf139-8031-4e0d-8064-3fb914a1a00c]: IDLE {"metadata":{"emulator":{"name":"functions"},"function":{"name":"us-central1-getFirestore"},"extension":{},"message":"[worker-us-central1-getFirestore-d2ebf139-8031-4e0d-8064-3fb914a1a00c]: IDLE"}}
[debug] [2023-02-21T10:44:09.125Z] [work-queue] {"queuedWork":[],"queueLength":0,"runningWork":[],"workRunningCount":0}
